[0.180s] Invoking command in '/home/ghost/Desktop/dev_ws/build/robot_communication_interfaces': CMAKE_PREFIX_PATH=${CMAKE_PREFIX_PATH}:/home/ghost/Desktop/dev_ws/install/controller:/opt/ros/foxy /usr/bin/cmake --build /home/ghost/Desktop/dev_ws/build/robot_communication_interfaces -- -j4 -l4
[0.205s] -- Found ament_cmake: 0.9.9 (/opt/ros/foxy/share/ament_cmake/cmake)
[0.225s] -- Found PythonInterp: /usr/bin/python3 (found suitable version "3.8.10", minimum required is "3") 
[0.225s] -- Using PYTHON_EXECUTABLE: /usr/bin/python3
[0.373s] -- Found rosidl_default_generators: 1.0.1 (/opt/ros/foxy/share/rosidl_default_generators/cmake)
[0.375s] -- Using all available rosidl_typesupport_c: rosidl_typesupport_fastrtps_c;rosidl_typesupport_introspection_c
[0.377s] -- Found rosidl_adapter: 1.2.1 (/opt/ros/foxy/share/rosidl_adapter/cmake)
[0.512s] -- Using all available rosidl_typesupport_cpp: rosidl_typesupport_fastrtps_cpp;rosidl_typesupport_introspection_cpp
[0.550s] -- Found PythonInterp: /usr/bin/python3 (found version "3.8.10") 
[0.693s] CMake Error at /opt/ros/foxy/share/rosidl_adapter/cmake/rosidl_adapt_interfaces.cmake:60 (message):
[0.694s]   execute_process(/usr/bin/python3 -m rosidl_adapter --package-name
[0.694s]   robot_communication_interfaces --arguments-file
[0.694s]   /home/ghost/Desktop/dev_ws/build/robot_communication_interfaces/rosidl_adapter__arguments__robot_communication_interfaces.json
[0.694s]   --output-dir
[0.694s]   /home/ghost/Desktop/dev_ws/build/robot_communication_interfaces/rosidl_adapter/robot_communication_interfaces
[0.694s]   --output-file
[0.694s]   /home/ghost/Desktop/dev_ws/build/robot_communication_interfaces/rosidl_adapter/robot_communication_interfaces.idls)
[0.694s]   returned error code 1:
[0.694s] 
[0.694s]   Error processing 'uin64[<=256] clock_time_vector' of
[0.694s]   'robot_communication_interfaces/CommunicationMessage': ''uin64' is an
[0.694s]   invalid message name.  It should have the pattern '^[A-Z][A-Za-z0-9]*$''
[0.694s] 
[0.694s]   Traceback (most recent call last):
[0.694s] 
[0.694s]     File "/usr/lib/python3.8/runpy.py", line 194, in _run_module_as_main
[0.694s]       return _run_code(code, main_globals, None,
[0.694s]     File "/usr/lib/python3.8/runpy.py", line 87, in _run_code
[0.694s]       exec(code, run_globals)
[0.694s]     File "/opt/ros/foxy/lib/python3.8/site-packages/rosidl_adapter/__main__.py", line 19, in <module>
[0.695s]       sys.exit(main())
[0.695s]     File "/opt/ros/foxy/lib/python3.8/site-packages/rosidl_adapter/main.py", line 53, in main
[0.695s]       abs_idl_file = convert_to_idl(
[0.695s]     File "/opt/ros/foxy/lib/python3.8/site-packages/rosidl_adapter/__init__.py", line 19, in convert_to_idl
[0.695s]       return convert_msg_to_idl(
[0.695s]     File "/opt/ros/foxy/lib/python3.8/site-packages/rosidl_adapter/msg/__init__.py", line 28, in convert_msg_to_idl
[0.695s]       msg = parse_message_string(package_name, input_file.stem, content)
[0.695s]     File "/opt/ros/foxy/lib/python3.8/site-packages/rosidl_adapter/parser.py", line 516, in parse_message_string
[0.695s]       Type(type_string, context_package_name=pkg_name),
[0.695s]     File "/opt/ros/foxy/lib/python3.8/site-packages/rosidl_adapter/parser.py", line 276, in __init__
[0.695s]       super(Type, self).__init__(
[0.695s]     File "/opt/ros/foxy/lib/python3.8/site-packages/rosidl_adapter/parser.py", line 204, in __init__
[0.695s]       raise InvalidResourceName(
[0.695s] 
[0.695s]   rosidl_adapter.parser.InvalidResourceName: 'uin64' is an invalid message
[0.695s]   name.  It should have the pattern '^[A-Z][A-Za-z0-9]*$'
[0.695s] 
[0.695s] Call Stack (most recent call first):
[0.695s]   /opt/ros/foxy/share/rosidl_cmake/cmake/rosidl_generate_interfaces.cmake:130 (rosidl_adapt_interfaces)
[0.695s]   CMakeLists.txt:24 (rosidl_generate_interfaces)
[0.695s] 
[0.695s] 
[0.696s] -- Configuring incomplete, errors occurred!
[0.696s] See also "/home/ghost/Desktop/dev_ws/build/robot_communication_interfaces/CMakeFiles/CMakeOutput.log".
[0.702s] make: *** [Makefile:988: cmake_check_build_system] Error 1
[0.705s] Invoked command in '/home/ghost/Desktop/dev_ws/build/robot_communication_interfaces' returned '2': CMAKE_PREFIX_PATH=${CMAKE_PREFIX_PATH}:/home/ghost/Desktop/dev_ws/install/controller:/opt/ros/foxy /usr/bin/cmake --build /home/ghost/Desktop/dev_ws/build/robot_communication_interfaces -- -j4 -l4
